<?xml version="1.0" encoding="UTF-8"?>
<testng-results ignored="0" total="2" passed="2" failed="0" skipped="0">
  <reporter-output>
  </reporter-output>
  <suite started-at="2025-03-26T21:33:19 IST" name="Default suite" finished-at="2025-03-26T21:34:14 IST" duration-ms="55278">
    <groups>
    </groups>
    <test started-at="2025-03-26T21:33:19 IST" name="Default test" finished-at="2025-03-26T21:34:14 IST" duration-ms="55278">
      <class name="demoQA.HandlingUploadFile">
        <test-method is-config="true" signature="setUp()[pri:0, instance:demoQA.HandlingUploadFile@62379589]" started-at="2025-03-26T21:33:19 IST" name="setUp" finished-at="2025-03-26T21:34:14 IST" duration-ms="54574" status="PASS">
          <reporter-output>
          </reporter-output>
        </test-method> <!-- setUp -->
        <test-method signature="uploadFileApproachOne()[pri:1, instance:demoQA.HandlingUploadFile@62379589]" started-at="2025-03-26T21:34:14 IST" name="uploadFileApproachOne" finished-at="2025-03-26T21:34:14 IST" duration-ms="123" status="PASS">
          <reporter-output>
          </reporter-output>
        </test-method> <!-- uploadFileApproachOne -->
        <test-method signature="uploadFileApproachTwo()[pri:2, instance:demoQA.HandlingUploadFile@62379589]" started-at="2025-03-26T21:34:14 IST" name="uploadFileApproachTwo" finished-at="2025-03-26T21:34:14 IST" duration-ms="69" status="PASS">
          <reporter-output>
          </reporter-output>
        </test-method> <!-- uploadFileApproachTwo -->
        <test-method is-config="true" signature="tearDown()[pri:0, instance:demoQA.HandlingUploadFile@62379589]" started-at="2025-03-26T21:34:14 IST" name="tearDown" finished-at="2025-03-26T21:34:14 IST" duration-ms="440" status="PASS">
          <reporter-output>
          </reporter-output>
        </test-method> <!-- tearDown -->
      </class> <!-- demoQA.HandlingUploadFile -->
    </test> <!-- Default test -->
  </suite> <!-- Default suite -->
</testng-results>
