<?xml version="1.0" encoding="UTF-8"?>
<testng-results ignored="0" total="2" passed="2" failed="0" skipped="0">
  <reporter-output>
  </reporter-output>
  <suite started-at="2025-03-26T21:55:07 IST" name="Default suite" finished-at="2025-03-26T21:55:18 IST" duration-ms="10627">
    <groups>
    </groups>
    <test started-at="2025-03-26T21:55:07 IST" name="Default test" finished-at="2025-03-26T21:55:18 IST" duration-ms="10627">
      <class name="automationBlogSpot.HandlingUploadFiles">
        <test-method is-config="true" signature="setUp()[pri:0, instance:automationBlogSpot.HandlingUploadFiles@62379589]" started-at="2025-03-26T21:55:07 IST" name="setUp" finished-at="2025-03-26T21:55:16 IST" duration-ms="9390" status="PASS">
          <reporter-output>
          </reporter-output>
        </test-method> <!-- setUp -->
        <test-method signature="uploadSingleFile()[pri:1, instance:automationBlogSpot.HandlingUploadFiles@62379589]" started-at="2025-03-26T21:55:16 IST" name="uploadSingleFile" finished-at="2025-03-26T21:55:17 IST" duration-ms="318" status="PASS">
          <reporter-output>
          </reporter-output>
        </test-method> <!-- uploadSingleFile -->
        <test-method signature="uploadMultipleFiles()[pri:2, instance:automationBlogSpot.HandlingUploadFiles@62379589]" started-at="2025-03-26T21:55:17 IST" name="uploadMultipleFiles" finished-at="2025-03-26T21:55:17 IST" duration-ms="370" status="PASS">
          <reporter-output>
          </reporter-output>
        </test-method> <!-- uploadMultipleFiles -->
        <test-method is-config="true" signature="tearDown()[pri:0, instance:automationBlogSpot.HandlingUploadFiles@62379589]" started-at="2025-03-26T21:55:17 IST" name="tearDown" finished-at="2025-03-26T21:55:18 IST" duration-ms="456" status="PASS">
          <reporter-output>
          </reporter-output>
        </test-method> <!-- tearDown -->
      </class> <!-- automationBlogSpot.HandlingUploadFiles -->
    </test> <!-- Default test -->
  </suite> <!-- Default suite -->
</testng-results>
